<?xml version="1.0" encoding="UTF-8"?>
<!-- Generated by org.testng.reporters.JUnitReportReporter -->
<testsuite hostname="DESKTOP-KRK230S" failures="0" tests="1" name="DeskTopsCompare.DWS_DeskTop_05_Test" time="10.482" errors="0" timestamp="2023-11-05T18:42:03 IST" skipped="0">
  <testcase classname="DeskTopsCompare.DWS_DeskTop_05_Test" name="addDeskTopToCart" time="10.482"/>
  <system-out/>
</testsuite> <!-- DeskTopsCompare.DWS_DeskTop_05_Test -->
