<?xml version="1.0" encoding="UTF-8"?>
<!-- Generated by org.testng.reporters.JUnitReportReporter -->
<testsuite hostname="DESKTOP-KRK230S" failures="0" tests="1" name="Cart.DWS_jewellery_07_Test" time="1.720" errors="0" timestamp="2023-11-01T17:50:03 IST" skipped="0">
  <testcase classname="Cart.DWS_jewellery_07_Test" name="compareJewelleryPrice" time="1.720"/>
  <system-out/>
</testsuite> <!-- Cart.DWS_jewellery_07_Test -->
