<?xml version="1.0" encoding="UTF-8"?>
<!-- Generated by org.testng.reporters.JUnitReportReporter -->
<testsuite hostname="DESKTOP-KRK230S" failures="0" tests="1" name="Jewellery.DWS_jewellery_07_Test" time="1.400" errors="0" timestamp="2023-11-05T18:52:07 IST" skipped="0">
  <testcase classname="Jewellery.DWS_jewellery_07_Test" name="compareJewelleryPrice" time="1.400"/>
  <system-out/>
</testsuite> <!-- Jewellery.DWS_jewellery_07_Test -->
