<?xml version="1.0" encoding="UTF-8"?>
<!-- Generated by org.testng.reporters.JUnitReportReporter -->
<testsuite hostname="DESKTOP-KRK230S" failures="0" tests="1" name="loginAndRegister.DWS_Register_02_Test" time="1.482" errors="0" timestamp="2023-10-31T23:53:10 IST" skipped="0">
  <testcase classname="loginAndRegister.DWS_Register_02_Test" name="userRegistration" time="1.482"/>
  <system-out/>
</testsuite> <!-- loginAndRegister.DWS_Register_02_Test -->
