<?xml version="1.0" encoding="UTF-8"?>
<!-- Generated by org.testng.reporters.JUnitReportReporter -->
<testsuite hostname="DESKTOP-KRK230S" failures="0" tests="5" name="FrameworkWorkCheck.ExcelCheck" time="0.008" errors="0" timestamp="2023-10-30T14:17:49 IST" skipped="0">
  <testcase classname="FrameworkWorkCheck.ExcelCheck" name="read" time="0.000"/>
  <system-out/>
  <testcase classname="FrameworkWorkCheck.ExcelCheck" name="read" time="0.001"/>
  <system-out/>
  <testcase classname="FrameworkWorkCheck.ExcelCheck" name="read" time="0.001"/>
  <system-out/>
  <testcase classname="FrameworkWorkCheck.ExcelCheck" name="read" time="0.001"/>
  <system-out/>
  <testcase classname="FrameworkWorkCheck.ExcelCheck" name="read" time="0.005"/>
  <system-out/>
</testsuite> <!-- FrameworkWorkCheck.ExcelCheck -->
