<?xml version="1.0" encoding="UTF-8"?>
<!-- Generated by org.testng.reporters.JUnitReportReporter -->
<testsuite hostname="DESKTOP-KRK230S" failures="0" tests="1" name="basic.book_NotificationShoppingCart" time="3.396" errors="0" timestamp="2023-11-15T20:12:31 IST" skipped="0">
  <testcase classname="basic.book_NotificationShoppingCart" name="goTo_ShoppingCart_Through_Notification_Bar" time="3.396"/>
  <system-out/>
</testsuite> <!-- basic.book_NotificationShoppingCart -->
