<?xml version="1.0" encoding="UTF-8"?>
<!-- Generated by org.testng.reporters.JUnitReportReporter -->
<testsuite hostname="DESKTOP-KRK230S" failures="0" tests="1" name="Books.DWS_Book_04_Test" time="5.677" errors="0" timestamp="2023-10-31T23:34:36 IST" skipped="0">
  <testcase classname="Books.DWS_Book_04_Test" name="addBookToCart" time="5.677"/>
  <system-out/>
</testsuite> <!-- Books.DWS_Book_04_Test -->
