<?xml version="1.0" encoding="UTF-8"?>
<!-- Generated by org.testng.reporters.JUnitReportReporter -->
<testsuite hostname="DESKTOP-KRK230S" failures="0" tests="1" name="EmailFriend.DWS_EmailFriend_08_Test" time="3.455" errors="0" timestamp="2023-11-05T17:59:43 IST" skipped="0">
  <testcase classname="EmailFriend.DWS_EmailFriend_08_Test" name="CaptureErrorMsgbyEmailingFriend" time="3.455"/>
  <system-out/>
</testsuite> <!-- EmailFriend.DWS_EmailFriend_08_Test -->
