<?xml version="1.0" encoding="UTF-8"?>
<!-- Generated by org.testng.reporters.JUnitReportReporter -->
<testsuite hostname="DESKTOP-KRK230S" failures="0" tests="1" name="Book.xpathtask" time="2.057" errors="0" timestamp="2023-11-08T19:12:58 IST" skipped="0">
  <testcase classname="Book.xpathtask" name="dynamicelement" time="2.057"/>
  <system-out/>
</testsuite> <!-- Book.xpathtask -->
