<?xml version="1.0" encoding="UTF-8"?>
<!-- Generated by org.testng.reporters.JUnitReportReporter -->
<testsuite hostname="DESKTOP-KRK230S" failures="0" tests="1" name="Register.DWS_Register_02_Test" time="1.597" errors="0" timestamp="2023-11-05T19:13:21 IST" skipped="0">
  <testcase classname="Register.DWS_Register_02_Test" name="userRegistration" time="1.597"/>
  <system-out/>
</testsuite> <!-- Register.DWS_Register_02_Test -->
