<?xml version="1.0" encoding="UTF-8"?>
<!-- Generated by org.testng.reporters.JUnitReportReporter -->
<testsuite hostname="DESKTOP-KRK230S" failures="0" tests="1" name="Cart.DWS_Book_04_Test" time="6.286" errors="0" timestamp="2023-11-01T00:38:37 IST" skipped="0">
  <testcase classname="Cart.DWS_Book_04_Test" name="addBookToCart" time="6.286"/>
  <system-out/>
</testsuite> <!-- Cart.DWS_Book_04_Test -->
