<?xml version="1.0" encoding="UTF-8"?>
<!-- Generated by org.testng.reporters.JUnitReportReporter -->
<testsuite hostname="DESKTOP-KRK230S" failures="0" tests="1" name="WishListTask.DWS_WishList_09_Test" time="2.745" errors="0" timestamp="2023-11-05T19:59:23 IST" skipped="0">
  <testcase classname="WishListTask.DWS_WishList_09_Test" name="addproductToWishList" time="2.745"/>
  <system-out/>
</testsuite> <!-- WishListTask.DWS_WishList_09_Test -->
