<?xml version="1.0" encoding="UTF-8"?>
<!-- Generated by org.testng.reporters.JUnitReportReporter -->
<testsuite hostname="DESKTOP-KRK230S" failures="0" tests="1" name="DeskTopsCompare.DWS_DeskTop_05_Test" time="9.746" errors="0" timestamp="2023-11-15T19:33:02 IST" skipped="0">
  <testcase classname="DeskTopsCompare.DWS_DeskTop_05_Test" name="addDeskTopToCart" time="9.746"/>
  <system-out/>
</testsuite> <!-- DeskTopsCompare.DWS_DeskTop_05_Test -->
