<?xml version="1.0" encoding="UTF-8"?>
<!-- Generated by org.testng.reporters.JUnitReportReporter -->
<testsuite hostname="DESKTOP-KRK230S" failures="0" tests="1" name="Cart.DWS_Cart_03_Test" time="3.034" errors="0" timestamp="2023-11-05T18:42:50 IST" skipped="0">
  <testcase classname="Cart.DWS_Cart_03_Test" name="addProductToCart" time="3.034"/>
  <system-out/>
</testsuite> <!-- Cart.DWS_Cart_03_Test -->
