<?xml version="1.0" encoding="UTF-8"?>
<!-- Generated by org.testng.reporters.JUnitReportReporter -->
<testsuite hostname="DESKTOP-KRK230S" failures="0" tests="1" name="Cart.DWS_DeskTop_05_Test" time="8.712" errors="0" timestamp="2023-11-05T19:58:47 IST" skipped="0">
  <testcase classname="Cart.DWS_DeskTop_05_Test" name="addDeskTopToCart" time="8.712"/>
  <system-out/>
</testsuite> <!-- Cart.DWS_DeskTop_05_Test -->
