<?xml version="1.0" encoding="UTF-8"?>
<!-- Generated by org.testng.reporters.JUnitReportReporter -->
<testsuite hostname="DESKTOP-KRK230S" failures="0" tests="1" name="Cart.DWS_RemoveCart_06_Test" time="11.064" errors="0" timestamp="2023-11-01T19:41:52 IST" skipped="0">
  <testcase classname="Cart.DWS_RemoveCart_06_Test" name="removeproductfromCart" time="11.064"/>
  <system-out/>
</testsuite> <!-- Cart.DWS_RemoveCart_06_Test -->
