<?xml version="1.0" encoding="UTF-8"?>
<!-- Generated by org.testng.reporters.JUnitReportReporter -->
<testsuite hostname="DESKTOP-KRK230S" failures="0" tests="1" name="RemoveCart.DWS_RemoveCart_06_Test" time="10.541" errors="0" timestamp="2023-11-15T19:41:23 IST" skipped="0">
  <testcase classname="RemoveCart.DWS_RemoveCart_06_Test" name="removeproductfromCart" time="10.541"/>
  <system-out/>
</testsuite> <!-- RemoveCart.DWS_RemoveCart_06_Test -->
