<?xml version="1.0" encoding="UTF-8"?>
<!-- Generated by org.testng.reporters.JUnitReportReporter -->
<testsuite hostname="DESKTOP-KRK230S" failures="0" tests="1" name="Book.DWS_Book_04_Test" time="6.462" errors="0" timestamp="2023-11-05T18:13:10 IST" skipped="0">
  <testcase classname="Book.DWS_Book_04_Test" name="addBookToCart" time="6.462"/>
  <system-out/>
</testsuite> <!-- Book.DWS_Book_04_Test -->
