<?xml version="1.0" encoding="UTF-8"?>
<!-- Generated by org.testng.reporters.JUnitReportReporter -->
<testsuite hostname="DESKTOP-KRK230S" failures="0" tests="1" name="WishListTask.DWS_WishList_09_Test" time="2.999" errors="0" timestamp="2023-11-15T19:17:16 IST" skipped="0">
  <testcase classname="WishListTask.DWS_WishList_09_Test" name="addproductToWishList" time="2.999"/>
  <system-out/>
</testsuite> <!-- WishListTask.DWS_WishList_09_Test -->
