<?xml version="1.0" encoding="UTF-8"?>
<!-- Generated by org.testng.reporters.JUnitReportReporter -->
<testsuite hostname="DESKTOP-KRK230S" failures="0" tests="1" name="RemWishList.DWS_RemoveWishList_10_Test" time="3.879" errors="0" timestamp="2023-11-03T15:07:01 IST" skipped="0">
  <testcase classname="RemWishList.DWS_RemoveWishList_10_Test" name="removefromWishList" time="3.879"/>
  <system-out/>
</testsuite> <!-- RemWishList.DWS_RemoveWishList_10_Test -->
