<?xml version="1.0" encoding="UTF-8"?>
<!-- Generated by org.testng.reporters.JUnitReportReporter -->
<testsuite hostname="DESKTOP-KRK230S" failures="0" tests="2" name="Login.DWS_Login_01_Test" time="1.488" errors="0" timestamp="2023-11-05T16:40:35 IST" skipped="0">
  <testcase classname="Login.DWS_Login_01_Test" name="Login_to_application_withValidCredentials" time="0.829"/>
  <system-out/>
  <testcase classname="Login.DWS_Login_01_Test" name="Login_to_application_withValidCredentials" time="0.659"/>
  <system-out/>
</testsuite> <!-- Login.DWS_Login_01_Test -->
