<?xml version="1.0" encoding="UTF-8"?>
<!-- Generated by org.testng.reporters.JUnitReportReporter -->
<testsuite hostname="DESKTOP-KRK230S" failures="0" tests="1" name="WishListTask.WishlistSam" time="3.554" errors="0" timestamp="2023-11-02T11:57:35 IST" skipped="0">
  <testcase classname="WishListTask.WishlistSam" name="demo" time="3.554"/>
  <system-out/>
</testsuite> <!-- WishListTask.WishlistSam -->
