<?xml version="1.0" encoding="UTF-8"?>
<!-- Generated by org.testng.reporters.JUnitReportReporter -->
<testsuite hostname="DESKTOP-KRK230S" failures="0" tests="1" name="basic.framecheck" time="3.954" errors="0" timestamp="2023-11-15T19:59:48 IST" skipped="0">
  <testcase classname="basic.framecheck" name="frames" time="3.954"/>
  <system-out/>
</testsuite> <!-- basic.framecheck -->
